2014-08-28 17:56:21,988 DEBUG [AWT-EventQueue-0] root: /home/cipri/development/projects/pdp-pmp/pdp/Gui/PolicyTemplateEditor
2014-08-28 17:56:22,016 ERROR [AWT-EventQueue-0] root: templates.cfg loading error
java.nio.file.NoSuchFileException: /home/cipri/development/projects/pdp-pmp/pdp/Gui/PolicyTemplateEditor\src\main\resources\templates.cfg
	at sun.nio.fs.UnixException.translateToIOException(UnixException.java:86)
	at sun.nio.fs.UnixException.rethrowAsIOException(UnixException.java:102)
	at sun.nio.fs.UnixException.rethrowAsIOException(UnixException.java:107)
	at sun.nio.fs.UnixFileSystemProvider.newByteChannel(UnixFileSystemProvider.java:214)
	at java.nio.file.Files.newByteChannel(Files.java:361)
	at java.nio.file.Files.newByteChannel(Files.java:407)
	at java.nio.file.Files.readAllBytes(Files.java:3152)
	at de.tum.in.i22.policyeditor.util.PublicMethods.readFile(PublicMethods.java:12)
	at de.tum.in.i22.policyeditor.model.TemplatesLoader.loadPolicyTemplates(TemplatesLoader.java:72)
	at de.tum.in.i22.policyeditor.editor.CheckList.initialize(CheckList.java:35)
	at de.tum.in.i22.policyeditor.editor.CheckList.<init>(CheckList.java:22)
	at de.tum.in.i22.policyeditor.editor.PolicyTemplatesEditor.loadPolicyTemplates(PolicyTemplatesEditor.java:282)
	at de.tum.in.i22.policyeditor.editor.PolicyTemplatesEditor.initialize(PolicyTemplatesEditor.java:277)
	at de.tum.in.i22.policyeditor.editor.PolicyTemplatesEditor.<init>(PolicyTemplatesEditor.java:80)
	at de.tum.in.i22.policyeditor.editor.PolicyTemplatesEditor$1.run(PolicyTemplatesEditor.java:90)
	at java.awt.event.InvocationEvent.dispatch(InvocationEvent.java:311)
	at java.awt.EventQueue.dispatchEventImpl(EventQueue.java:744)
	at java.awt.EventQueue.access$400(EventQueue.java:97)
	at java.awt.EventQueue$3.run(EventQueue.java:697)
	at java.awt.EventQueue$3.run(EventQueue.java:691)
	at java.security.AccessController.doPrivileged(Native Method)
	at java.security.ProtectionDomain$1.doIntersectionPrivilege(ProtectionDomain.java:75)
	at java.awt.EventQueue.dispatchEvent(EventQueue.java:714)
	at java.awt.EventDispatchThread.pumpOneEventForFilters(EventDispatchThread.java:201)
	at java.awt.EventDispatchThread.pumpEventsForFilter(EventDispatchThread.java:116)
	at java.awt.EventDispatchThread.pumpEventsForHierarchy(EventDispatchThread.java:105)
	at java.awt.EventDispatchThread.pumpEvents(EventDispatchThread.java:101)
	at java.awt.EventDispatchThread.pumpEvents(EventDispatchThread.java:93)
	at java.awt.EventDispatchThread.run(EventDispatchThread.java:82)
2014-08-28 17:58:53,928 DEBUG [AWT-EventQueue-0] root: /home/cipri/development/projects/pdp-pmp/pdp/Gui/PolicyTemplateEditor
2014-08-28 17:58:53,948 ERROR [AWT-EventQueue-0] root: templates.cfg loading error
java.nio.file.NoSuchFileException: /home/cipri/development/projects/pdp-pmp/pdp/Gui/PolicyTemplateEditor:src:main:resources:templates.cfg
	at sun.nio.fs.UnixException.translateToIOException(UnixException.java:86)
	at sun.nio.fs.UnixException.rethrowAsIOException(UnixException.java:102)
	at sun.nio.fs.UnixException.rethrowAsIOException(UnixException.java:107)
	at sun.nio.fs.UnixFileSystemProvider.newByteChannel(UnixFileSystemProvider.java:214)
	at java.nio.file.Files.newByteChannel(Files.java:361)
	at java.nio.file.Files.newByteChannel(Files.java:407)
	at java.nio.file.Files.readAllBytes(Files.java:3152)
	at de.tum.in.i22.policyeditor.util.PublicMethods.readFile(PublicMethods.java:12)
	at de.tum.in.i22.policyeditor.model.TemplatesLoader.loadPolicyTemplates(TemplatesLoader.java:77)
	at de.tum.in.i22.policyeditor.editor.CheckList.initialize(CheckList.java:35)
	at de.tum.in.i22.policyeditor.editor.CheckList.<init>(CheckList.java:22)
	at de.tum.in.i22.policyeditor.editor.PolicyTemplatesEditor.loadPolicyTemplates(PolicyTemplatesEditor.java:282)
	at de.tum.in.i22.policyeditor.editor.PolicyTemplatesEditor.initialize(PolicyTemplatesEditor.java:277)
	at de.tum.in.i22.policyeditor.editor.PolicyTemplatesEditor.<init>(PolicyTemplatesEditor.java:80)
	at de.tum.in.i22.policyeditor.editor.PolicyTemplatesEditor$1.run(PolicyTemplatesEditor.java:90)
	at java.awt.event.InvocationEvent.dispatch(InvocationEvent.java:311)
	at java.awt.EventQueue.dispatchEventImpl(EventQueue.java:744)
	at java.awt.EventQueue.access$400(EventQueue.java:97)
	at java.awt.EventQueue$3.run(EventQueue.java:697)
	at java.awt.EventQueue$3.run(EventQueue.java:691)
	at java.security.AccessController.doPrivileged(Native Method)
	at java.security.ProtectionDomain$1.doIntersectionPrivilege(ProtectionDomain.java:75)
	at java.awt.EventQueue.dispatchEvent(EventQueue.java:714)
	at java.awt.EventDispatchThread.pumpOneEventForFilters(EventDispatchThread.java:201)
	at java.awt.EventDispatchThread.pumpEventsForFilter(EventDispatchThread.java:116)
	at java.awt.EventDispatchThread.pumpEventsForHierarchy(EventDispatchThread.java:105)
	at java.awt.EventDispatchThread.pumpEvents(EventDispatchThread.java:101)
	at java.awt.EventDispatchThread.pumpEvents(EventDispatchThread.java:93)
	at java.awt.EventDispatchThread.run(EventDispatchThread.java:82)
2014-08-28 17:59:23,903 DEBUG [AWT-EventQueue-0] root: /home/cipri/development/projects/pdp-pmp/pdp/Gui/PolicyTemplateEditor
2014-08-28 17:59:24,159 INFO  [AWT-EventQueue-0] root: Templates loaded: 
| [101]#SU[[subject]]SU# must delete this data after #NU0[[number]]NU# #TI[[time]]TI# ||picture||
| [102]#SU[[subject]]SU# must never #AC[[action]]AC# this data ||picture||
| [103]Notify me when this data is #AC[[action]]AC# by #SU[[subject]]SU# ||picture||
| [104]#SU[[subject]]SU# must not #AC[[action]]AC# this data unless permission granted ||picture||
| [105]#SU[[subject]]SU# may #AC[[action]]AC# this data max #NU0[[number]]NU# times  ||picture||
| [106]#SU[[subject]]SU# must #AC[[action]]AC# this photo min #NU0[[number]]NU# times, max #NU1[[number]]NU# times in the next #NU2[[number]]NU# #TI[[time]]TI# ||picture||
| [107]#SU[[subject]]SU# must #AC[[action]]AC# this photo max #NU0[[number]]NU# times after which they must pay  ||picture||
| [108]dummy 108 ||picture||
| [109]dummy 109 ||picture||
| [120]dummy 120 ||picture||
| [139]dummy 139 ||picture||
| [219]dummy 219 ||picture||
2014-08-28 17:59:24,179 ERROR [AWT-EventQueue-0] root: actions.cfg loading error
java.nio.file.NoSuchFileException: /home/cipri/development/projects/pdp-pmp/pdp/Gui/PolicyTemplateEditor\src\main\resources\actions.cfg
	at sun.nio.fs.UnixException.translateToIOException(UnixException.java:86)
	at sun.nio.fs.UnixException.rethrowAsIOException(UnixException.java:102)
	at sun.nio.fs.UnixException.rethrowAsIOException(UnixException.java:107)
	at sun.nio.fs.UnixFileSystemProvider.newByteChannel(UnixFileSystemProvider.java:214)
	at java.nio.file.Files.newByteChannel(Files.java:361)
	at java.nio.file.Files.newByteChannel(Files.java:407)
	at java.nio.file.Files.readAllBytes(Files.java:3152)
	at de.tum.in.i22.policyeditor.util.PublicMethods.readFile(PublicMethods.java:12)
	at de.tum.in.i22.policyeditor.model.TemplatesLoader.loadActionTemplates(TemplatesLoader.java:99)
	at de.tum.in.i22.policyeditor.model.TemplatesLoader.loadPolicyTemplates(TemplatesLoader.java:89)
	at de.tum.in.i22.policyeditor.editor.CheckList.initialize(CheckList.java:35)
	at de.tum.in.i22.policyeditor.editor.CheckList.<init>(CheckList.java:22)
	at de.tum.in.i22.policyeditor.editor.PolicyTemplatesEditor.loadPolicyTemplates(PolicyTemplatesEditor.java:282)
	at de.tum.in.i22.policyeditor.editor.PolicyTemplatesEditor.initialize(PolicyTemplatesEditor.java:277)
	at de.tum.in.i22.policyeditor.editor.PolicyTemplatesEditor.<init>(PolicyTemplatesEditor.java:80)
	at de.tum.in.i22.policyeditor.editor.PolicyTemplatesEditor$1.run(PolicyTemplatesEditor.java:90)
	at java.awt.event.InvocationEvent.dispatch(InvocationEvent.java:311)
	at java.awt.EventQueue.dispatchEventImpl(EventQueue.java:744)
	at java.awt.EventQueue.access$400(EventQueue.java:97)
	at java.awt.EventQueue$3.run(EventQueue.java:697)
	at java.awt.EventQueue$3.run(EventQueue.java:691)
	at java.security.AccessController.doPrivileged(Native Method)
	at java.security.ProtectionDomain$1.doIntersectionPrivilege(ProtectionDomain.java:75)
	at java.awt.EventQueue.dispatchEvent(EventQueue.java:714)
	at java.awt.EventDispatchThread.pumpOneEventForFilters(EventDispatchThread.java:201)
	at java.awt.EventDispatchThread.pumpEventsForFilter(EventDispatchThread.java:116)
	at java.awt.EventDispatchThread.pumpEventsForHierarchy(EventDispatchThread.java:105)
	at java.awt.EventDispatchThread.pumpEvents(EventDispatchThread.java:101)
	at java.awt.EventDispatchThread.pumpEvents(EventDispatchThread.java:93)
	at java.awt.EventDispatchThread.run(EventDispatchThread.java:82)
2014-08-28 17:59:24,194 INFO  [AWT-EventQueue-0] root: Action templates loaded: 
2014-08-28 17:59:24,198 ERROR [AWT-EventQueue-0] root: subjects.cfg loading error
java.nio.file.NoSuchFileException: /home/cipri/development/projects/pdp-pmp/pdp/Gui/PolicyTemplateEditor\src\main\resources\subjects.cfg
	at sun.nio.fs.UnixException.translateToIOException(UnixException.java:86)
	at sun.nio.fs.UnixException.rethrowAsIOException(UnixException.java:102)
	at sun.nio.fs.UnixException.rethrowAsIOException(UnixException.java:107)
	at sun.nio.fs.UnixFileSystemProvider.newByteChannel(UnixFileSystemProvider.java:214)
	at java.nio.file.Files.newByteChannel(Files.java:361)
	at java.nio.file.Files.newByteChannel(Files.java:407)
	at java.nio.file.Files.readAllBytes(Files.java:3152)
	at de.tum.in.i22.policyeditor.util.PublicMethods.readFile(PublicMethods.java:12)
	at de.tum.in.i22.policyeditor.model.TemplatesLoader.loadSubjectTemplates(TemplatesLoader.java:125)
	at de.tum.in.i22.policyeditor.model.TemplatesLoader.loadPolicyTemplates(TemplatesLoader.java:90)
	at de.tum.in.i22.policyeditor.editor.CheckList.initialize(CheckList.java:35)
	at de.tum.in.i22.policyeditor.editor.CheckList.<init>(CheckList.java:22)
	at de.tum.in.i22.policyeditor.editor.PolicyTemplatesEditor.loadPolicyTemplates(PolicyTemplatesEditor.java:282)
	at de.tum.in.i22.policyeditor.editor.PolicyTemplatesEditor.initialize(PolicyTemplatesEditor.java:277)
	at de.tum.in.i22.policyeditor.editor.PolicyTemplatesEditor.<init>(PolicyTemplatesEditor.java:80)
	at de.tum.in.i22.policyeditor.editor.PolicyTemplatesEditor$1.run(PolicyTemplatesEditor.java:90)
	at java.awt.event.InvocationEvent.dispatch(InvocationEvent.java:311)
	at java.awt.EventQueue.dispatchEventImpl(EventQueue.java:744)
	at java.awt.EventQueue.access$400(EventQueue.java:97)
	at java.awt.EventQueue$3.run(EventQueue.java:697)
	at java.awt.EventQueue$3.run(EventQueue.java:691)
	at java.security.AccessController.doPrivileged(Native Method)
	at java.security.ProtectionDomain$1.doIntersectionPrivilege(ProtectionDomain.java:75)
	at java.awt.EventQueue.dispatchEvent(EventQueue.java:714)
	at java.awt.EventDispatchThread.pumpOneEventForFilters(EventDispatchThread.java:201)
	at java.awt.EventDispatchThread.pumpEventsForFilter(EventDispatchThread.java:116)
	at java.awt.EventDispatchThread.pumpEventsForHierarchy(EventDispatchThread.java:105)
	at java.awt.EventDispatchThread.pumpEvents(EventDispatchThread.java:101)
	at java.awt.EventDispatchThread.pumpEvents(EventDispatchThread.java:93)
	at java.awt.EventDispatchThread.run(EventDispatchThread.java:82)
2014-08-28 17:59:24,205 INFO  [AWT-EventQueue-0] root: Subject templates loaded: 
2014-08-28 18:00:29,373 DEBUG [AWT-EventQueue-0] root: /home/cipri/development/projects/pdp-pmp/pdp/Gui/PolicyTemplateEditor
2014-08-28 18:00:29,629 INFO  [AWT-EventQueue-0] root: Templates loaded: 
| [101]#SU[[subject]]SU# must delete this data after #NU0[[number]]NU# #TI[[time]]TI# ||picture||
| [102]#SU[[subject]]SU# must never #AC[[action]]AC# this data ||picture||
| [103]Notify me when this data is #AC[[action]]AC# by #SU[[subject]]SU# ||picture||
| [104]#SU[[subject]]SU# must not #AC[[action]]AC# this data unless permission granted ||picture||
| [105]#SU[[subject]]SU# may #AC[[action]]AC# this data max #NU0[[number]]NU# times  ||picture||
| [106]#SU[[subject]]SU# must #AC[[action]]AC# this photo min #NU0[[number]]NU# times, max #NU1[[number]]NU# times in the next #NU2[[number]]NU# #TI[[time]]TI# ||picture||
| [107]#SU[[subject]]SU# must #AC[[action]]AC# this photo max #NU0[[number]]NU# times after which they must pay  ||picture||
| [108]dummy 108 ||picture||
| [109]dummy 109 ||picture||
| [120]dummy 120 ||picture||
| [139]dummy 139 ||picture||
| [219]dummy 219 ||picture||
2014-08-28 18:00:29,637 INFO  [AWT-EventQueue-0] root: Action templates loaded: copy,delete,modify,distribute,
2014-08-28 18:00:29,644 INFO  [AWT-EventQueue-0] root: Subject templates loaded: me,best friend,friend,acquaintance,never met,
2014-08-28 18:02:10,302 DEBUG [AWT-EventQueue-0] root: /home/cipri/development/projects/pdp-pmp/pdp/Gui/PolicyTemplateEditor
2014-08-28 18:02:10,404 INFO  [AWT-EventQueue-0] root: Templates loaded: 
| [101]#SU[[subject]]SU# must delete this data after #NU0[[number]]NU# #TI[[time]]TI# ||picture||
| [102]#SU[[subject]]SU# must never #AC[[action]]AC# this data ||picture||
| [103]Notify me when this data is #AC[[action]]AC# by #SU[[subject]]SU# ||picture||
| [104]#SU[[subject]]SU# must not #AC[[action]]AC# this data unless permission granted ||picture||
| [105]#SU[[subject]]SU# may #AC[[action]]AC# this data max #NU0[[number]]NU# times  ||picture||
| [106]#SU[[subject]]SU# must #AC[[action]]AC# this photo min #NU0[[number]]NU# times, max #NU1[[number]]NU# times in the next #NU2[[number]]NU# #TI[[time]]TI# ||picture||
| [107]#SU[[subject]]SU# must #AC[[action]]AC# this photo max #NU0[[number]]NU# times after which they must pay  ||picture||
| [108]dummy 108 ||picture||
| [109]dummy 109 ||picture||
| [120]dummy 120 ||picture||
| [139]dummy 139 ||picture||
| [219]dummy 219 ||picture||
2014-08-28 18:02:10,407 INFO  [AWT-EventQueue-0] root: Action templates loaded: copy,delete,modify,distribute,
2014-08-28 18:02:10,410 INFO  [AWT-EventQueue-0] root: Subject templates loaded: me,best friend,friend,acquaintance,never met,
2014-08-28 18:02:21,826 INFO  [AWT-EventQueue-0] root: Policy edited and saved: #SU[best friend]SU# must delete this data after #NU0[0]NU# #TI[seconds]TI#
2014-08-28 18:02:25,535 INFO  [AWT-EventQueue-0] root: policies translated: 1
2014-08-28 18:02:25,537 INFO  [AWT-EventQueue-0] root: [101]#SU[best friend]SU# must delete this data after #NU0[0]NU# #TI[seconds]TI# [picture]
<Policy Subject="best friend"><Obligation><after><Timesteps><num value="0"/><seconds/></Timesteps><Action name="delete" type="desiredEv"><Params><Param class="picture" name="object" policyType="dataUsage" value="dummyObject"/></Params></Action></after></Obligation></Policy>
